1712000355.443960 client started (3350): version 3.4, socket /private/tmp/tmux-501/default, protocol 8
1712000355.444065 on Darwin 23.4.0 Darwin Kernel Version 23.4.0: Wed Feb 21 21:45:49 PST 2024; root:xnu-10063.101.15~2/RELEASE_ARM64_T6020
1712000355.444083 using libevent 2.1.12-stable select
1712000355.444462 using utf8proc 2.9.0
1712000355.444476 using ncurses 6.4 20221231
1712000355.444498 flags are 0x10010000
1712000355.444506 socket is /private/tmp/tmux-501/default
1712000355.444521 trying connect
1712000355.444581 add peer 0x120008000: 6 (0x0)
1712000355.449684 sending message 100 to peer 0x120008000 (4 bytes)
1712000355.449704 sending message 111 to peer 0x120008000 (8 bytes)
1712000355.449719 sending message 101 to peer 0x120008000 (16 bytes)
1712000355.449728 sending message 109 to peer 0x120008000 (4 bytes)
1712000355.449733 sending message 102 to peer 0x120008000 (13 bytes)
1712000355.449739 sending message 108 to peer 0x120008000 (35 bytes)
1712000355.449744 sending message 112 to peer 0x120008000 (70 bytes)
1712000355.449749 sending message 112 to peer 0x120008000 (5 bytes)
1712000355.449754 sending message 112 to peer 0x120008000 (5 bytes)
1712000355.449759 sending message 112 to peer 0x120008000 (6 bytes)
1712000355.449765 sending message 112 to peer 0x120008000 (6 bytes)
1712000355.449770 sending message 112 to peer 0x120008000 (11 bytes)
1712000355.449776 sending message 112 to peer 0x120008000 (10 bytes)
1712000355.449783 sending message 112 to peer 0x120008000 (13 bytes)
1712000355.449791 sending message 112 to peer 0x120008000 (13 bytes)
1712000355.449796 sending message 112 to peer 0x120008000 (18 bytes)
1712000355.449801 sending message 112 to peer 0x120008000 (11 bytes)
1712000355.449806 sending message 112 to peer 0x120008000 (21 bytes)
1712000355.449811 sending message 112 to peer 0x120008000 (13 bytes)
1712000355.449816 sending message 112 to peer 0x120008000 (7 bytes)
1712000355.449821 sending message 112 to peer 0x120008000 (13 bytes)
1712000355.449826 sending message 112 to peer 0x120008000 (7 bytes)
1712000355.449831 sending message 112 to peer 0x120008000 (13 bytes)
1712000355.449836 sending message 112 to peer 0x120008000 (9 bytes)
1712000355.449842 sending message 112 to peer 0x120008000 (21 bytes)
1712000355.449847 sending message 112 to peer 0x120008000 (13 bytes)
1712000355.449861 sending message 112 to peer 0x120008000 (8 bytes)
1712000355.449868 sending message 112 to peer 0x120008000 (12 bytes)
1712000355.449873 sending message 112 to peer 0x120008000 (13 bytes)
1712000355.449878 sending message 112 to peer 0x120008000 (9 bytes)
1712000355.449883 sending message 112 to peer 0x120008000 (9 bytes)
1712000355.449888 sending message 112 to peer 0x120008000 (12 bytes)
1712000355.449893 sending message 112 to peer 0x120008000 (8 bytes)
1712000355.449898 sending message 112 to peer 0x120008000 (7 bytes)
1712000355.449902 sending message 112 to peer 0x120008000 (7 bytes)
1712000355.449907 sending message 112 to peer 0x120008000 (9 bytes)
1712000355.449912 sending message 112 to peer 0x120008000 (13 bytes)
1712000355.449918 sending message 112 to peer 0x120008000 (9 bytes)
1712000355.449925 sending message 112 to peer 0x120008000 (15 bytes)
1712000355.449933 sending message 112 to peer 0x120008000 (13 bytes)
1712000355.449938 sending message 112 to peer 0x120008000 (12 bytes)
1712000355.449943 sending message 112 to peer 0x120008000 (8 bytes)
1712000355.449948 sending message 112 to peer 0x120008000 (14 bytes)
1712000355.449953 sending message 112 to peer 0x120008000 (9 bytes)
1712000355.449958 sending message 112 to peer 0x120008000 (10 bytes)
1712000355.449963 sending message 112 to peer 0x120008000 (10 bytes)
1712000355.449967 sending message 112 to peer 0x120008000 (10 bytes)
1712000355.449972 sending message 112 to peer 0x120008000 (10 bytes)
1712000355.449977 sending message 112 to peer 0x120008000 (11 bytes)
1712000355.449983 sending message 112 to peer 0x120008000 (10 bytes)
1712000355.449989 sending message 112 to peer 0x120008000 (8 bytes)
1712000355.449999 sending message 112 to peer 0x120008000 (11 bytes)
1712000355.450016 sending message 112 to peer 0x120008000 (11 bytes)
1712000355.450020 sending message 112 to peer 0x120008000 (11 bytes)
1712000355.450024 sending message 112 to peer 0x120008000 (8 bytes)
1712000355.450027 sending message 112 to peer 0x120008000 (8 bytes)
1712000355.450031 sending message 112 to peer 0x120008000 (8 bytes)
1712000355.450035 sending message 112 to peer 0x120008000 (10 bytes)
1712000355.450038 sending message 112 to peer 0x120008000 (10 bytes)
1712000355.450041 sending message 112 to peer 0x120008000 (10 bytes)
1712000355.450045 sending message 112 to peer 0x120008000 (10 bytes)
1712000355.450048 sending message 112 to peer 0x120008000 (10 bytes)
1712000355.450053 sending message 112 to peer 0x120008000 (11 bytes)
1712000355.450056 sending message 112 to peer 0x120008000 (11 bytes)
1712000355.450061 sending message 112 to peer 0x120008000 (10 bytes)
1712000355.450067 sending message 112 to peer 0x120008000 (9 bytes)
1712000355.450072 sending message 112 to peer 0x120008000 (9 bytes)
1712000355.450076 sending message 112 to peer 0x120008000 (12 bytes)
1712000355.450080 sending message 112 to peer 0x120008000 (9 bytes)
1712000355.450083 sending message 112 to peer 0x120008000 (6 bytes)
1712000355.450087 sending message 112 to peer 0x120008000 (13 bytes)
1712000355.450090 sending message 112 to peer 0x120008000 (8 bytes)
1712000355.450093 sending message 112 to peer 0x120008000 (15 bytes)
1712000355.450097 sending message 112 to peer 0x120008000 (13 bytes)
1712000355.450100 sending message 112 to peer 0x120008000 (70 bytes)
1712000355.450104 sending message 112 to peer 0x120008000 (69 bytes)
1712000355.450107 sending message 112 to peer 0x120008000 (10 bytes)
1712000355.450111 sending message 112 to peer 0x120008000 (8 bytes)
1712000355.450114 sending message 112 to peer 0x120008000 (15 bytes)
1712000355.450118 sending message 112 to peer 0x120008000 (13 bytes)
1712000355.450122 sending message 112 to peer 0x120008000 (10 bytes)
1712000355.450126 sending message 112 to peer 0x120008000 (10 bytes)
1712000355.450131 sending message 112 to peer 0x120008000 (5 bytes)
1712000355.450137 sending message 112 to peer 0x120008000 (15 bytes)
1712000355.450142 sending message 104 to peer 0x120008000 (0 bytes)
1712000355.450146 sending message 110 to peer 0x120008000 (0 bytes)
1712000355.450150 sending message 107 to peer 0x120008000 (4 bytes)
1712000355.450153 sending message 105 to peer 0x120008000 (21 bytes)
1712000355.450157 sending message 105 to peer 0x120008000 (25 bytes)
1712000355.450160 sending message 105 to peer 0x120008000 (37 bytes)
1712000355.450164 sending message 105 to peer 0x120008000 (30 bytes)
1712000355.450167 sending message 105 to peer 0x120008000 (34 bytes)
1712000355.450171 sending message 105 to peer 0x120008000 (60 bytes)
1712000355.450174 sending message 105 to peer 0x120008000 (17 bytes)
1712000355.450178 sending message 105 to peer 0x120008000 (21 bytes)
1712000355.450181 sending message 105 to peer 0x120008000 (54 bytes)
1712000355.450186 sending message 105 to peer 0x120008000 (210 bytes)
1712000355.450190 sending message 105 to peer 0x120008000 (60 bytes)
1712000355.450195 sending message 105 to peer 0x120008000 (16 bytes)
1712000355.450202 sending message 105 to peer 0x120008000 (33 bytes)
1712000355.450205 sending message 105 to peer 0x120008000 (69 bytes)
1712000355.450208 sending message 105 to peer 0x120008000 (27 bytes)
1712000355.450212 sending message 105 to peer 0x120008000 (754 bytes)
1712000355.450216 sending message 105 to peer 0x120008000 (39 bytes)
1712000355.450219 sending message 105 to peer 0x120008000 (24 bytes)
1712000355.450223 sending message 105 to peer 0x120008000 (15 bytes)
1712000355.450226 sending message 105 to peer 0x120008000 (8 bytes)
1712000355.450230 sending message 105 to peer 0x120008000 (66 bytes)
1712000355.450233 sending message 105 to peer 0x120008000 (21 bytes)
1712000355.450236 sending message 105 to peer 0x120008000 (18 bytes)
1712000355.450240 sending message 105 to peer 0x120008000 (25 bytes)
1712000355.450243 sending message 105 to peer 0x120008000 (53 bytes)
1712000355.450257 sending message 105 to peer 0x120008000 (57 bytes)
1712000355.450263 sending message 105 to peer 0x120008000 (42 bytes)
1712000355.450267 sending message 105 to peer 0x120008000 (13 bytes)
1712000355.450271 sending message 105 to peer 0x120008000 (18 bytes)
1712000355.450274 sending message 105 to peer 0x120008000 (14 bytes)
1712000355.450278 sending message 105 to peer 0x120008000 (19 bytes)
1712000355.450281 sending message 105 to peer 0x120008000 (40 bytes)
1712000355.450285 sending message 105 to peer 0x120008000 (49 bytes)
1712000355.450288 sending message 105 to peer 0x120008000 (9 bytes)
1712000355.450292 sending message 105 to peer 0x120008000 (17 bytes)
1712000355.450295 sending message 105 to peer 0x120008000 (19 bytes)
1712000355.450298 sending message 105 to peer 0x120008000 (68 bytes)
1712000355.450302 sending message 105 to peer 0x120008000 (45 bytes)
1712000355.450305 sending message 105 to peer 0x120008000 (104 bytes)
1712000355.450309 sending message 105 to peer 0x120008000 (25 bytes)
1712000355.450312 sending message 106 to peer 0x120008000 (0 bytes)
1712000355.450367 sending message 200 to peer 0x120008000 (4 bytes)
1712000355.450373 client loop enter
1712000355.450531 peer 0x120008000 message 303
1712000355.450540 open write file 2 -
1712000355.450551 sending message 305 to peer 0x120008000 (8 bytes)
1712000355.450562 write check file 2
1712000355.450583 peer 0x120008000 message 304
1712000355.450587 write 58 to file 2
1712000355.450592 peer 0x120008000 message 203
1712000355.450596 file 2 58 bytes left
1712000355.450608 write check file 2
1712000355.450614 client loop exit
